task: Available tasks for this project:
* default:                                  List all available tasks
* init:                                     Bootstrap Ansible environment (Python venv + deps + Galaxy content)
* ansible:check-fix-dns:                    Check and fix DNS resolution on VMs                                                      (aliases: ans:check-fix-dns)
* ansible:configure-localhost:              Configure the local Ansible control node (localhost)                                     (aliases: ans:configure-localhost)
* ansible:create-venv:                      Create Python virtual environment for Ansible tooling (no-op if it exists)               (aliases: ans:create-venv)
* ansible:default:                          Show available Ansible tasks                                                             (aliases: ans:default, ansible, ans)
* ansible:deploy-minio:                     Deploy MinIO S3-compatible object storage cluster                                        (aliases: ans:deploy-minio)
* ansible:deploy-postgres:                  Deploy PostgreSQL HA cluster using Terraform via Ansible role                            (aliases: ans:deploy-postgres)
* ansible:deploy-technitium:                Deploy Technitium DNS cluster using Terraform via Ansible role                           (aliases: ans:deploy-technitium)
* ansible:deploy-vault:                     Deploy Vault cluster using Terraform via Ansible role                                    (aliases: ans:deploy-vault)
* ansible:fix-apt-lock-dns:                 Resolve apt lock and update packages on dns hosts                                        (aliases: ans:fix-apt-lock-dns)
* ansible:init:                             Prepare full Ansible environment (venv, Python deps, Galaxy content)                     (aliases: ans:init)
* ansible:install-galaxy-content:           Install Ansible collections and roles from requirements.yaml                             (aliases: ans:install-galaxy-content)
* ansible:install-python-deps:              Install Python requirements for Ansible into the venv                                    (aliases: ans:install-python-deps)
* ansible:k8s:dev:                          Deploy Kubernetes dev cluster (Terraform + RKE2 + core addons + Flux bootstrap)          (aliases: ans:k8s:dev)
* ansible:k8s:dev:destroy:                  Destroy dev cluster VMs (Terraform destroy only, no cluster ops)                         (aliases: ans:k8s:dev:destroy)
* ansible:k8s:dev:kubeconfig:               Print kubeconfig path for dev cluster                                                    (aliases: ans:k8s:dev:kubeconfig)
* ansible:k8s:dev:plan:                     Show Terraform plan for dev cluster (no apply)                                           (aliases: ans:k8s:dev:plan)
* ansible:k8s:dev:status:                   Check dev cluster status (requires kubeconfig)                                           (aliases: ans:k8s:dev:status)
* ansible:k8s:staging:                      Deploy Kubernetes staging cluster (Terraform + RKE2 + core addons + Flux bootstrap)      (aliases: ans:k8s:staging)
* ansible:k8s:staging:destroy:              Destroy staging cluster VMs (Terraform destroy only, no cluster ops)                     (aliases: ans:k8s:staging:destroy)
* ansible:k8s:staging:kubeconfig:           Print kubeconfig path for staging cluster                                                (aliases: ans:k8s:staging:kubeconfig)
* ansible:k8s:staging:plan:                 Show Terraform plan for staging cluster (no apply)                                       (aliases: ans:k8s:staging:plan)
* ansible:k8s:staging:status:               Check staging cluster status (requires kubeconfig)                                       (aliases: ans:k8s:staging:status)
* ansible:setup-proxmox-nodes:              Configure the proxmox nodes                                                              (aliases: ans:setup-proxmox-nodes)
* ansible:setup-proxmox-permissions:        Configure Proxmox permissions (users, groups, roles, ACLs)                               (aliases: ans:setup-proxmox-permissions)
* ansible:setup-technitium:                 Setup Technitium DNS Server                                                              (aliases: ans:setup-technitium)
* ansible:uninstall-vault:                  Uninstall Vault from all nodes (removes binaries, config, and data)                      (aliases: ans:uninstall-vault)
* packer:build:debian-12:                   Build Debian 12 template using Packer
* packer:build:debian-13:                   Build Debian 13 template using Packer
* packer:build:flatcar:                     Build Flatcar Container Linux template
* packer:default:                           Show available Packer tasks      (aliases: packer)
* packer:download-isos:                     Download required ISO images for Packer builds
* packer:inspect:debian-12:                 Inspect Debian 12 Packer template variables and sources
* packer:inspect:debian-13:                 Inspect Debian 13 Packer template variables and sources
* packer:inspect:flatcar:                   Inspect Flatcar Packer template variables and sources
* packer:validate:debian-12:                Validate Debian 12 Packer configuration without building
* packer:validate:debian-13:                Validate Debian 13 Packer configuration without building
* packer:validate:flatcar:                  Validate Flatcar Packer configuration without building
* pxe:down:                                 Stop PXE stack                                                                                (aliases: pxe:down)
* pxe:logs:                                 Tail PXE service logs                                                                         (aliases: pxe:logs)
* pxe:up:                                   Start PXE stack (dnsmasq + nginx)                                                             (aliases: pxe:up)
* terraform:apply:                          Apply Terraform changes (interactive, will prompt for confirmation)                           (aliases: tf:apply)
* terraform:apply:auto:                     Apply Terraform changes without confirmation (DANGEROUS - use with caution)                   (aliases: tf:apply:auto)
* terraform:apply:plan:                     Apply a saved Terraform plan                                                                  (aliases: tf:apply:plan)
* terraform:ci:validate:                    CI-friendly validation (no interactive prompts)                                               (aliases: tf:ci:validate)
* terraform:clean:                          Remove Terraform generated files (.terraform, tfplan, etc.)                                   (aliases: tf:clean)
* terraform:clean:modules:                  Clean all module directories                                                                  (aliases: tf:clean:modules)
* terraform:console:                        Open interactive Terraform console for expression evaluation                                  (aliases: tf:console)
* terraform:cost:estimate:                  Estimate infrastructure costs (requires infracost)                                            (aliases: tf:cost:estimate)
* terraform:default:                        Show available Terraform tasks                                                                (aliases: tf:default, terraform, tf)
* terraform:destroy:                        Destroy all Terraform-managed infrastructure (interactive)                                    (aliases: tf:destroy)
* terraform:destroy:auto:                   Destroy infrastructure without confirmation (EXTREMELY DANGEROUS)                             (aliases: tf:destroy:auto)
* terraform:docs:                           Show Terraform module documentation help                                                      (aliases: tf:docs)
* terraform:fmt:                            Format all Terraform files in the workspace                                                   (aliases: tf:fmt)
* terraform:fmt:check:                      Check if Terraform files are properly formatted                                               (aliases: tf:fmt:check)
* terraform:graph:                          Generate visual dependency graph (requires graphviz)                                          (aliases: tf:graph)
* terraform:import:                         Import existing infrastructure (usage: task terraform:import -- <resource> <id>)              (aliases: tf:import)
* terraform:influxdb:fmt:                   Format influxdb module files                                                                  (aliases: tf:influxdb:fmt)
* terraform:influxdb:validate:              Validate influxdb module configuration                                                        (aliases: tf:influxdb:validate)
* terraform:init:                           Initialize Terraform working directory (download providers, modules)                          (aliases: tf:init)
* terraform:init:reconfigure:               Reconfigure Terraform backend and providers (useful for changing backend settings)            (aliases: tf:init:reconfigure)
* terraform:init:upgrade:                   Initialize Terraform and upgrade providers to latest versions                                 (aliases: tf:init:upgrade)
* terraform:lint:                           Run tflint on Terraform files (requires tflint installed)                                     (aliases: tf:lint)
* terraform:migrate:                        Migrate Terraform state to match current configuration (use with caution)                     (aliases: tf:migrate)
* terraform:minio:apply:auto:               Apply MinIO Terraform changes without confirmation                                            (aliases: tf:minio:apply:auto)
* terraform:minio:init:                     Initialize Terraform for MinIO workspace                                                      (aliases: tf:minio:init)
* terraform:modules:fmt:                    Format all module files                                                                       (aliases: tf:modules:fmt)
* terraform:modules:validate:               Validate all modules                                                                          (aliases: tf:modules:validate)
* terraform:output:                         Show all Terraform outputs                                                                    (aliases: tf:output)
* terraform:output:json:                    Show outputs in JSON format                                                                   (aliases: tf:output:json)
* terraform:plan:                           Generate and show Terraform execution plan                                                    (aliases: tf:plan)
* terraform:plan:destroy:                   Generate plan for destroying all resources                                                    (aliases: tf:plan:destroy)
* terraform:providers:                      Show provider requirements and versions                                                       (aliases: tf:providers)
* terraform:providers:lock:                 Update provider lock file for all platforms                                                   (aliases: tf:providers:lock)
* terraform:security:scan:                  Scan Terraform code for security issues (requires tfsec)                                      (aliases: tf:security:scan)
* terraform:security:scan:json:             Security scan with JSON output                                                                (aliases: tf:security:scan:json)
* terraform:show:                           Show the current state or saved plan in human-readable format                                 (aliases: tf:show)
* terraform:show:json:                      Show state or plan in JSON format                                                             (aliases: tf:show:json)
* terraform:state:list:                     List all resources in Terraform state                                                         (aliases: tf:state:list)
* terraform:state:mv:                       Move a resource in state (usage: task terraform:state:mv -- <source> <destination>)           (aliases: tf:state:mv)
* terraform:state:pull:                     Download and display the current Terraform state                                              (aliases: tf:state:pull)
* terraform:state:refresh:                  Refresh Terraform state to match real-world resources                                         (aliases: tf:state:refresh)
* terraform:state:rm:                       Remove a resource from state (usage: task terraform:state:rm -- <resource>)                   (aliases: tf:state:rm)
* terraform:state:show:                     Show details of a specific resource (usage: task terraform:state:show -- <resource>)          (aliases: tf:state:show)
* terraform:test:                           Run full validation suite (fmt, validate, lint)                                               (aliases: tf:test)
* terraform:validate:                       Validate Terraform configuration syntax                                                       (aliases: tf:validate)
* terraform:vault-secrets:apply:auto:       Apply Vault secrets Terraform changes without confirmation                                    (aliases: tf:vault-secrets:apply:auto)
* terraform:vault-secrets:fmt:              Format Vault secrets Terraform files                                                          (aliases: tf:vault-secrets:fmt)
* terraform:vault-secrets:init:             Initialize Terraform for Vault secrets backends                                               (aliases: tf:vault-secrets:init)
* terraform:vault-secrets:refresh:          Refresh Vault secrets Terraform state                                                         (aliases: tf:vault-secrets:refresh)
* terraform:vault-secrets:validate:         Validate Vault secrets Terraform configuration                                                (aliases: tf:vault-secrets:validate)
* terraform:vault:docs:                     Generate/update documentation for vault-cluster module (requires terraform-docs)              (aliases: tf:vault:docs)
* terraform:vault:fmt:                      Format vault-cluster module files                                                             (aliases: tf:vault:fmt)
* terraform:vault:validate:                 Validate vault-cluster module configuration                                                   (aliases: tf:vault:validate)
* terraform:version:                        Show Terraform version and provider versions                                                  (aliases: tf:version)
* terraform:workspace:delete:               Delete a workspace (usage: task terraform:workspace:delete -- <name>)                         (aliases: tf:workspace:delete)
* terraform:workspace:list:                 List all Terraform workspaces                                                                 (aliases: tf:workspace:list)
* terraform:workspace:new:                  Create a new workspace (usage: task terraform:workspace:new -- <name>)                        (aliases: tf:workspace:new)
* terraform:workspace:select:               Select a workspace (usage: task terraform:workspace:select -- <name>)                         (aliases: tf:workspace:select)
* terraform:workspace:show:                 Show current workspace                                                                        (aliases: tf:workspace:show)
* vault:configure:                          Run only vault-configure role tags from deploy playbook                                       (aliases: vault:configure, vlt:configure, v:configure)
* vault:default:                            Show available Vault tasks                                                                    (aliases: vault:default, vlt:default, v:default, vault, vault, vlt, v)
* vault:deploy:                             Run full Vault deployment/configuration playbook                                              (aliases: vault:deploy, vlt:deploy, v:deploy)
* vault:firefox:clear-cache:                Clear Firefox HSTS/cert override entries for vault.local.sinlessgames.com                     (aliases: vault:firefox:clear-cache, vlt:firefox:clear-cache, v:firefox:clear-cache)
* vault:firefox:trust-ca:                   Import Vault CA into Firefox Snap profile and trust for websites                              (aliases: vault:firefox:trust-ca, vlt:firefox:trust-ca, v:firefox:trust-ca)
* vault:haproxy:                            Refresh Vault HAProxy configuration                                                           (aliases: vault:haproxy, vlt:haproxy, v:haproxy)
* vault:health:                             Check local and VIP Vault health endpoint from each Vault node                                (aliases: vault:health, vlt:health, v:health)
* vault:migrate:transit:                    Migrate Shamir to Transit auto-unseal (requires transit vars via CLI_ARGS or vars files)      (aliases: vault:migrate:transit, vlt:migrate:transit, v:migrate:transit)
* vault:peers:                              Show raft peers from the first Vault host                                                     (aliases: vault:peers, vlt:peers, v:peers)
* vault:seal:                               Seal Vault on all nodes                                                                       (aliases: vault:seal, vlt:seal, v:seal)
* vault:setup:                              Run vault-setup role (auth methods + engines + secrets setup)                                 (aliases: vault:setup, vlt:setup, v:setup)
* vault:status:                             Show Vault status (initialized/sealed/leader) on each node                                    (aliases: vault:status, vlt:status, v:status)
* vault:tls:                                Refresh Vault TLS and cert-related tasks                                                      (aliases: vault:tls, vlt:tls, v:tls)
* vault:uninstall:                          Uninstall Vault from all Vault hosts                                                          (aliases: vault:uninstall, vlt:uninstall, v:uninstall)
* vault:unseal:                             Unseal Vault nodes using the vault-configure unseal tasks                                     (aliases: vault:unseal, vlt:unseal, v:unseal)
* vault:update:secrets:                     Run only vault-secrets role to update secrets/config in Vault                                 (aliases: vault:update:secrets, vlt:update:secrets, v:update:secrets)
* vault:users:                              Run vault-users role                                                                          (aliases: vault:users, vlt:users, v:users)
task: Task "ansible:deploy-kubernetes-dev" does not exist
